==1331== Memcheck, a memory error detector
==1331== Copyright (C) 2002-2017, and GNU GPL'd, by Julian Seward et al.
==1331== Using Valgrind-3.13.0 and LibVEX; rerun with -h for copyright info
==1331== Command: ./test.exe
==1331== Parent PID: 1311
==1331== 
==1331== 
==1331== HEAP SUMMARY:
==1331==     in use at exit: 8 bytes in 1 blocks
==1331==   total heap usage: 32 allocs, 31 frees, 2,648 bytes allocated
==1331== 
==1331== 8 bytes in 1 blocks are definitely lost in loss record 1 of 1
==1331==    at 0x4C2FB0F: malloc (in /usr/lib/valgrind/vgpreload_memcheck-amd64-linux.so)
==1331==    by 0x10A488: __tok_create__ (solver.c:37)
==1331==    by 0x10A68A: solver_GetNextToken (solver.c:88)
==1331==    by 0x108B45: calculator_GetNextToken (Calc.c:65)
==1331==    by 0x108BAF: calculator_update (Calc.c:78)
==1331==    by 0x10ACA3: main (src.c:40)
==1331== 
==1331== LEAK SUMMARY:
==1331==    definitely lost: 8 bytes in 1 blocks
==1331==    indirectly lost: 0 bytes in 0 blocks
==1331==      possibly lost: 0 bytes in 0 blocks
==1331==    still reachable: 0 bytes in 0 blocks
==1331==         suppressed: 0 bytes in 0 blocks
==1331== 
==1331== For counts of detected and suppressed errors, rerun with: -v
==1331== ERROR SUMMARY: 1 errors from 1 contexts (suppressed: 0 from 0)
