==1772== Memcheck, a memory error detector
==1772== Copyright (C) 2002-2017, and GNU GPL'd, by Julian Seward et al.
==1772== Using Valgrind-3.13.0 and LibVEX; rerun with -h for copyright info
==1772== Command: ./Calculator.exe
==1772== Parent PID: 1750
==1772== 
==1772== 
==1772== HEAP SUMMARY:
==1772==     in use at exit: 16,482 bytes in 4 blocks
==1772==   total heap usage: 29 allocs, 25 frees, 18,866 bytes allocated
==1772== 
==1772== LEAK SUMMARY:
==1772==    definitely lost: 0 bytes in 0 blocks
==1772==    indirectly lost: 0 bytes in 0 blocks
==1772==      possibly lost: 0 bytes in 0 blocks
==1772==    still reachable: 16,482 bytes in 4 blocks
==1772==         suppressed: 0 bytes in 0 blocks
==1772== Reachable blocks (those to which a pointer was found) are not shown.
==1772== To see them, rerun with: --leak-check=full --show-leak-kinds=all
==1772== 
==1772== For counts of detected and suppressed errors, rerun with: -v
==1772== ERROR SUMMARY: 0 errors from 0 contexts (suppressed: 0 from 0)
