==6480== Memcheck, a memory error detector
==6480== Copyright (C) 2002-2017, and GNU GPL'd, by Julian Seward et al.
==6480== Using Valgrind-3.13.0 and LibVEX; rerun with -h for copyright info
==6480== Command: ./test
==6480== Parent PID: 6472
==6480== 
==6480== error calling PR_SET_PTRACER, vgdb might block
==6480== Conditional jump or move depends on uninitialised value(s)
==6480==    at 0x1086CA: getLength (Strings.c:35)
==6480==    by 0x108795: append (Strings.c:60)
==6480==    by 0x108767: power (Strings.c:51)
==6480==    by 0x10886A: main (StringsTest.c:44)
==6480==  Uninitialised value was created by a heap allocation
==6480==    at 0x4C2FB0F: malloc (in /usr/lib/valgrind/vgpreload_memcheck-amd64-linux.so)
==6480==    by 0x108747: power (Strings.c:48)
==6480==    by 0x10886A: main (StringsTest.c:44)
==6480== 
==6480== Conditional jump or move depends on uninitialised value(s)
==6480==    at 0x1086CA: getLength (Strings.c:35)
==6480==    by 0x1086DB: getLength (Strings.c:35)
==6480==    by 0x1086DB: getLength (Strings.c:35)
==6480==    by 0x1086DB: getLength (Strings.c:35)
==6480==    by 0x1086DB: getLength (Strings.c:35)
==6480==    by 0x1086DB: getLength (Strings.c:35)
==6480==    by 0x1086DB: getLength (Strings.c:35)
==6480==    by 0x1086DB: getLength (Strings.c:35)
==6480==    by 0x1086DB: getLength (Strings.c:35)
==6480==    by 0x1086DB: getLength (Strings.c:35)
==6480==    by 0x1086DB: getLength (Strings.c:35)
==6480==    by 0x1086DB: getLength (Strings.c:35)
==6480==  Uninitialised value was created by a heap allocation
==6480==    at 0x4C2FB0F: malloc (in /usr/lib/valgrind/vgpreload_memcheck-amd64-linux.so)
==6480==    by 0x108747: power (Strings.c:48)
==6480==    by 0x10886A: main (StringsTest.c:44)
==6480== 
==6480== Conditional jump or move depends on uninitialised value(s)
==6480==    at 0x4C32D08: strlen (in /usr/lib/valgrind/vgpreload_memcheck-amd64-linux.so)
==6480==    by 0x4EBC9D1: puts (ioputs.c:35)
==6480==    by 0x1088A0: main (StringsTest.c:46)
==6480==  Uninitialised value was created by a heap allocation
==6480==    at 0x4C2FB0F: malloc (in /usr/lib/valgrind/vgpreload_memcheck-amd64-linux.so)
==6480==    by 0x108747: power (Strings.c:48)
==6480==    by 0x10886A: main (StringsTest.c:44)
==6480== 
==6480== 
==6480== HEAP SUMMARY:
==6480==     in use at exit: 270 bytes in 1 blocks
==6480==   total heap usage: 2 allocs, 1 frees, 1,294 bytes allocated
==6480== 
==6480== 270 bytes in 1 blocks are definitely lost in loss record 1 of 1
==6480==    at 0x4C2FB0F: malloc (in /usr/lib/valgrind/vgpreload_memcheck-amd64-linux.so)
==6480==    by 0x108747: power (Strings.c:48)
==6480==    by 0x10886A: main (StringsTest.c:44)
==6480== 
==6480== LEAK SUMMARY:
==6480==    definitely lost: 270 bytes in 1 blocks
==6480==    indirectly lost: 0 bytes in 0 blocks
==6480==      possibly lost: 0 bytes in 0 blocks
==6480==    still reachable: 0 bytes in 0 blocks
==6480==         suppressed: 0 bytes in 0 blocks
==6480== 
==6480== For counts of detected and suppressed errors, rerun with: -v
==6480== ERROR SUMMARY: 12 errors from 4 contexts (suppressed: 0 from 0)
