==758== Memcheck, a memory error detector
==758== Copyright (C) 2002-2017, and GNU GPL'd, by Julian Seward et al.
==758== Using Valgrind-3.13.0 and LibVEX; rerun with -h for copyright info
==758== Command: ./test.exe
==758== Parent PID: 744
==758== 
==758== 
==758== Process terminating with default action of signal 2 (SIGINT)
==758==    at 0x4F4C081: read (read.c:27)
==758==    by 0x4EC9147: _IO_file_underflow@@GLIBC_2.2.5 (fileops.c:531)
==758==    by 0x4ECA3F1: _IO_default_uflow (genops.c:380)
==758==    by 0x109B9E: scanner_read (scanner.c:126)
==758==    by 0x108AD6: calculator_read (Calc.c:86)
==758==    by 0x10A02F: main (src.c:38)
==758== 
==758== HEAP SUMMARY:
==758==     in use at exit: 60 bytes in 2 blocks
==758==   total heap usage: 4 allocs, 2 frees, 2,108 bytes allocated
==758== 
==758== LEAK SUMMARY:
==758==    definitely lost: 0 bytes in 0 blocks
==758==    indirectly lost: 0 bytes in 0 blocks
==758==      possibly lost: 0 bytes in 0 blocks
==758==    still reachable: 60 bytes in 2 blocks
==758==         suppressed: 0 bytes in 0 blocks
==758== Reachable blocks (those to which a pointer was found) are not shown.
==758== To see them, rerun with: --leak-check=full --show-leak-kinds=all
==758== 
==758== For counts of detected and suppressed errors, rerun with: -v
==758== ERROR SUMMARY: 0 errors from 0 contexts (suppressed: 0 from 0)
