==1118== Memcheck, a memory error detector
==1118== Copyright (C) 2002-2017, and GNU GPL'd, by Julian Seward et al.
==1118== Using Valgrind-3.13.0 and LibVEX; rerun with -h for copyright info
==1118== Command: ./Calculator.exe
==1118== Parent PID: 1096
==1118== 
==1118== 
==1118== HEAP SUMMARY:
==1118==     in use at exit: 16,458 bytes in 3 blocks
==1118==   total heap usage: 5 allocs, 2 frees, 18,506 bytes allocated
==1118== 
==1118== LEAK SUMMARY:
==1118==    definitely lost: 0 bytes in 0 blocks
==1118==    indirectly lost: 0 bytes in 0 blocks
==1118==      possibly lost: 0 bytes in 0 blocks
==1118==    still reachable: 16,458 bytes in 3 blocks
==1118==         suppressed: 0 bytes in 0 blocks
==1118== Reachable blocks (those to which a pointer was found) are not shown.
==1118== To see them, rerun with: --leak-check=full --show-leak-kinds=all
==1118== 
==1118== For counts of detected and suppressed errors, rerun with: -v
==1118== ERROR SUMMARY: 0 errors from 0 contexts (suppressed: 0 from 0)
